root - INFO - 
prism: 2
root - INFO - 
interation: 0
Step 1 adjust: 8.40 aj: 10.00
root - INFO - 
Step 2 adjust: 54.01 aj: 50.00
Elapsed time: 0.00h
End of the round: 0
------------------------------------------------------
root - INFO - 
interation: 0
Step 1 adjust: 8.40 aj: 10.00
root - INFO - 
Step 2 adjust: 47.20 aj: 50.00
Elapsed time: 0.00h
End of the round: 1
------------------------------------------------------
root - INFO - 
interation: 0
Step 1 adjust: 8.40 aj: 10.00
root - INFO - 
Step 2 adjust: 54.01 aj: 50.00
Elapsed time: 0.00h
End of the round: 2
------------------------------------------------------
root - INFO - 
interation: 0
Step 1 adjust: 8.40 aj: 10.00
root - INFO - 
Step 2 adjust: 47.20 aj: 50.00
Elapsed time: 0.00h
End of the round: 3
------------------------------------------------------
root - INFO - 
interation: 0
Step 1 adjust: 8.40 aj: 10.00
root - INFO - 
Step 2 adjust: 54.01 aj: 50.00
Elapsed time: 0.00h
End of the round: 4
------------------------------------------------------
root - INFO - 
interation: 0
Step 1 adjust: 8.40 aj: 10.00
root - INFO - 
Step 2 adjust: 47.20 aj: 50.00
Elapsed time: 0.00h
End of the round: 5
------------------------------------------------------
root - INFO - 
interation: 0
Step 1 adjust: 8.40 aj: 10.00
root - INFO - 
Step 2 adjust: 54.01 aj: 50.00
Elapsed time: 0.00h
End of the round: 6
------------------------------------------------------
root - INFO - 
interation: 0
Step 1 adjust: 8.40 aj: 10.00
root - INFO - 
Step 2 adjust: 54.01 aj: 50.00
Elapsed time: 0.00h
End of the round: 7
------------------------------------------------------
root - INFO - 
interation: 0
Step 1 adjust: 8.40 aj: 10.00
root - INFO - 
Step 2 adjust: 54.01 aj: 50.00
Elapsed time: 0.00h
End of the round: 8
------------------------------------------------------
root - INFO - 
interation: 0
Step 1 adjust: 8.40 aj: 10.00
root - INFO - 
Step 2 adjust: 54.01 aj: 50.00
Elapsed time: 0.00h
End of the round: 9
------------------------------------------------------
root - INFO - 
FDA: [0.68298111 0.54292277]
